Determining if the pthread_create exist failed with the following output:
Change Dir: /home/latitude/moveit_ws/build/movit_robot_arm_sim/CMakeFiles/CMakeTmp

Run Build Command:"/usr/bin/make" "cmTC_f87ce/fast"
/usr/bin/make -f CMakeFiles/cmTC_f87ce.dir/build.make CMakeFiles/cmTC_f87ce.dir/build
make[1]: Entering directory '/home/latitude/moveit_ws/build/movit_robot_arm_sim/CMakeFiles/CMakeTmp'
Building C object CMakeFiles/cmTC_f87ce.dir/CheckSymbolExists.c.o
/usr/bin/cc    -o CMakeFiles/cmTC_f87ce.dir/CheckSymbolExists.c.o   -c /home/latitude/moveit_ws/build/movit_robot_arm_sim/CMakeFiles/CMakeTmp/CheckSymbolExists.c
Linking C executable cmTC_f87ce
/usr/bin/cmake -E cmake_link_script CMakeFiles/cmTC_f87ce.dir/link.txt --verbose=1
/usr/bin/cc      -rdynamic CMakeFiles/cmTC_f87ce.dir/CheckSymbolExists.c.o  -o cmTC_f87ce 
CMakeFiles/cmTC_f87ce.dir/CheckSymbolExists.c.o: In function `main':
CheckSymbolExists.c:(.text+0x1b): undefined reference to `pthread_create'
collect2: error: ld returned 1 exit status
CMakeFiles/cmTC_f87ce.dir/build.make:97: recipe for target 'cmTC_f87ce' failed
make[1]: *** [cmTC_f87ce] Error 1
make[1]: Leaving directory '/home/latitude/moveit_ws/build/movit_robot_arm_sim/CMakeFiles/CMakeTmp'
Makefile:126: recipe for target 'cmTC_f87ce/fast' failed
make: *** [cmTC_f87ce/fast] Error 2

File /home/latitude/moveit_ws/build/movit_robot_arm_sim/CMakeFiles/CMakeTmp/CheckSymbolExists.c:
/* */
#include <pthread.h>

int main(int argc, char** argv)
{
  (void)argv;
#ifndef pthread_create
  return ((int*)(&pthread_create))[argc];
#else
  (void)argc;
  return 0;
#endif
}

Determining if the function pthread_create exists in the pthreads failed with the following output:
Change Dir: /home/latitude/moveit_ws/build/movit_robot_arm_sim/CMakeFiles/CMakeTmp

Run Build Command:"/usr/bin/make" "cmTC_7e9bd/fast"
/usr/bin/make -f CMakeFiles/cmTC_7e9bd.dir/build.make CMakeFiles/cmTC_7e9bd.dir/build
make[1]: Entering directory '/home/latitude/moveit_ws/build/movit_robot_arm_sim/CMakeFiles/CMakeTmp'
Building C object CMakeFiles/cmTC_7e9bd.dir/CheckFunctionExists.c.o
/usr/bin/cc   -DCHECK_FUNCTION_EXISTS=pthread_create   -o CMakeFiles/cmTC_7e9bd.dir/CheckFunctionExists.c.o   -c /usr/share/cmake-3.10/Modules/CheckFunctionExists.c
Linking C executable cmTC_7e9bd
/usr/bin/cmake -E cmake_link_script CMakeFiles/cmTC_7e9bd.dir/link.txt --verbose=1
/usr/bin/cc  -DCHECK_FUNCTION_EXISTS=pthread_create    -rdynamic CMakeFiles/cmTC_7e9bd.dir/CheckFunctionExists.c.o  -o cmTC_7e9bd -lpthreads 
/usr/bin/ld: cannot find -lpthreads
collect2: error: ld returned 1 exit status
CMakeFiles/cmTC_7e9bd.dir/build.make:97: recipe for target 'cmTC_7e9bd' failed
make[1]: *** [cmTC_7e9bd] Error 1
make[1]: Leaving directory '/home/latitude/moveit_ws/build/movit_robot_arm_sim/CMakeFiles/CMakeTmp'
Makefile:126: recipe for target 'cmTC_7e9bd/fast' failed
make: *** [cmTC_7e9bd/fast] Error 2


